# JRE version: OpenJDK Runtime Environment (8.0_171-b11) (build 1.8.0_171-8u171-b11-1~deb9u1-b11)
# Java VM: OpenJDK 64-Bit Server VM (25.171-b11 mixed mode linux-amd64 compressed oops)
Heap:
 PSYoungGen      total 503808K, used 67596K [0x00000000d7000000, 0x0000000100000000, 0x0000000100000000)
  eden space 430080K, 0% used [0x00000000d7000000,0x00000000d7000000,0x00000000f1400000)
  from space 73728K, 91% used [0x00000000f1400000,0x00000000f56032a0,0x00000000f5c00000)
  to   space 122368K, 0% used [0x00000000f8880000,0x00000000f8880000,0x0000000100000000)
 ParOldGen       total 303104K, used 302830K [0x0000000085000000, 0x0000000097800000, 0x00000000d7000000)
  object space 303104K, 99% used [0x0000000085000000,0x00000000977bb978,0x0000000097800000)
 Metaspace       used 10187K, capacity 10883K, committed 11136K, reserved 1058816K
  class space    used 2050K, capacity 2096K, committed 2176K, reserved 1048576K
GC Heap History (10 events):
Event: 6.962 GC heap after
Heap after GC invocations=25 (full 2):
 PSYoungGen      total 566784K, used 52320K [0x00000000d7000000, 0x0000000100000000, 0x0000000100000000)
  eden space 514048K, 0% used [0x00000000d7000000,0x00000000d7000000,0x00000000f6600000)
  from space 52736K, 99% used [0x00000000f6600000,0x00000000f9918000,0x00000000f9980000)
  to   space 81408K, 0% used [0x00000000fb080000,0x00000000fb080000,0x0000000100000000)
 ParOldGen       total 303104K, used 250706K [0x0000000085000000, 0x0000000097800000, 0x00000000d7000000)
  object space 303104K, 82% used [0x0000000085000000,0x00000000944d4b70,0x0000000097800000)
 Metaspace       used 10187K, capacity 10883K, committed 11136K, reserved 1058816K
  class space    used 2050K, capacity 2096K, committed 2176K, reserved 1048576K
}
Event: 7.251 GC heap before
{Heap before GC invocations=26 (full 2):
 PSYoungGen      total 566784K, used 566368K [0x00000000d7000000, 0x0000000100000000, 0x0000000100000000)
  eden space 514048K, 100% used [0x00000000d7000000,0x00000000f6600000,0x00000000f6600000)
  from space 52736K, 99% used [0x00000000f6600000,0x00000000f9918000,0x00000000f9980000)
  to   space 81408K, 0% used [0x00000000fb080000,0x00000000fb080000,0x0000000100000000)
 ParOldGen       total 303104K, used 250706K [0x0000000085000000, 0x0000000097800000, 0x00000000d7000000)
  object space 303104K, 82% used [0x0000000085000000,0x00000000944d4b70,0x0000000097800000)
 Metaspace       used 10187K, capacity 10883K, committed 11136K, reserved 1058816K
  class space    used 2050K, capacity 2096K, committed 2176K, reserved 1048576K
Event: 7.276 GC heap after
Heap after GC invocations=26 (full 2):
 PSYoungGen      total 572928K, used 70848K [0x00000000d7000000, 0x0000000100000000, 0x0000000100000000)
  eden space 491520K, 0% used [0x00000000d7000000,0x00000000d7000000,0x00000000f5000000)
  from space 81408K, 87% used [0x00000000fb080000,0x00000000ff5b0000,0x0000000100000000)
  to   space 90112K, 0% used [0x00000000f5000000,0x00000000f5000000,0x00000000fa800000)
 ParOldGen       total 303104K, used 250706K [0x0000000085000000, 0x0000000097800000, 0x00000000d7000000)
  object space 303104K, 82% used [0x0000000085000000,0x00000000944d4b70,0x0000000097800000)
 Metaspace       used 10187K, capacity 10883K, committed 11136K, reserved 1058816K
  class space    used 2050K, capacity 2096K, committed 2176K, reserved 1048576K
}
Event: 7.549 GC heap before
{Heap before GC invocations=27 (full 2):
 PSYoungGen      total 572928K, used 562368K [0x00000000d7000000, 0x0000000100000000, 0x0000000100000000)
  eden space 491520K, 100% used [0x00000000d7000000,0x00000000f5000000,0x00000000f5000000)
  from space 81408K, 87% used [0x00000000fb080000,0x00000000ff5b0000,0x0000000100000000)
  to   space 90112K, 0% used [0x00000000f5000000,0x00000000f5000000,0x00000000fa800000)
 ParOldGen       total 303104K, used 250706K [0x0000000085000000, 0x0000000097800000, 0x00000000d7000000)
  object space 303104K, 82% used [0x0000000085000000,0x00000000944d4b70,0x0000000097800000)
 Metaspace       used 10187K, capacity 10883K, committed 11136K, reserved 1058816K
  class space    used 2050K, capacity 2096K, committed 2176K, reserved 1048576K
Event: 7.570 GC heap after
Heap after GC invocations=27 (full 2):
 PSYoungGen      total 580096K, used 88512K [0x00000000d7000000, 0x0000000100000000, 0x0000000100000000)
  eden space 491520K, 0% used [0x00000000d7000000,0x00000000d7000000,0x00000000f5000000)
  from space 88576K, 99% used [0x00000000f5000000,0x00000000fa670000,0x00000000fa680000)
  to   space 91648K, 0% used [0x00000000fa680000,0x00000000fa680000,0x0000000100000000)
 ParOldGen       total 303104K, used 250706K [0x0000000085000000, 0x0000000097800000, 0x00000000d7000000)
  object space 303104K, 82% used [0x0000000085000000,0x00000000944d4b70,0x0000000097800000)
 Metaspace       used 10187K, capacity 10883K, committed 11136K, reserved 1058816K
  class space    used 2050K, capacity 2096K, committed 2176K, reserved 1048576K
}
Event: 7.847 GC heap before
{Heap before GC invocations=28 (full 2):
 PSYoungGen      total 580096K, used 580032K [0x00000000d7000000, 0x0000000100000000, 0x0000000100000000)
  eden space 491520K, 100% used [0x00000000d7000000,0x00000000f5000000,0x00000000f5000000)
  from space 88576K, 99% used [0x00000000f5000000,0x00000000fa670000,0x00000000fa680000)
  to   space 91648K, 0% used [0x00000000fa680000,0x00000000fa680000,0x0000000100000000)
 ParOldGen       total 303104K, used 250706K [0x0000000085000000, 0x0000000097800000, 0x00000000d7000000)
  object space 303104K, 82% used [0x0000000085000000,0x00000000944d4b70,0x0000000097800000)
 Metaspace       used 10187K, capacity 10883K, committed 11136K, reserved 1058816K
  class space    used 2050K, capacity 2096K, committed 2176K, reserved 1048576K
Event: 7.873 GC heap after
Heap after GC invocations=28 (full 2):
 PSYoungGen      total 521728K, used 91648K [0x00000000d7000000, 0x0000000100000000, 0x0000000100000000)
  eden space 430080K, 0% used [0x00000000d7000000,0x00000000d7000000,0x00000000f1400000)
  from space 91648K, 100% used [0x00000000fa680000,0x0000000100000000,0x0000000100000000)
  to   space 120832K, 0% used [0x00000000f1400000,0x00000000f1400000,0x00000000f8a00000)
 ParOldGen       total 303104K, used 265378K [0x0000000085000000, 0x0000000097800000, 0x00000000d7000000)
  object space 303104K, 87% used [0x0000000085000000,0x0000000095328b70,0x0000000097800000)
 Metaspace       used 10187K, capacity 10883K, committed 11136K, reserved 1058816K
  class space    used 2050K, capacity 2096K, committed 2176K, reserved 1048576K
}
Event: 8.116 GC heap before
{Heap before GC invocations=29 (full 2):
 PSYoungGen      total 521728K, used 521728K [0x00000000d7000000, 0x0000000100000000, 0x0000000100000000)
  eden space 430080K, 100% used [0x00000000d7000000,0x00000000f1400000,0x00000000f1400000)
  from space 91648K, 100% used [0x00000000fa680000,0x0000000100000000,0x0000000100000000)
  to   space 120832K, 0% used [0x00000000f1400000,0x00000000f1400000,0x00000000f8a00000)
 ParOldGen       total 303104K, used 265378K [0x0000000085000000, 0x0000000097800000, 0x00000000d7000000)
  object space 303104K, 87% used [0x0000000085000000,0x0000000095328b70,0x0000000097800000)
 Metaspace       used 10187K, capacity 10883K, committed 11136K, reserved 1058816K
  class space    used 2050K, capacity 2096K, committed 2176K, reserved 1048576K
Event: 8.148 GC heap after
Heap after GC invocations=29 (full 2):
 PSYoungGen      total 503808K, used 73568K [0x00000000d7000000, 0x0000000100000000, 0x0000000100000000)
  eden space 430080K, 0% used [0x00000000d7000000,0x00000000d7000000,0x00000000f1400000)
  from space 73728K, 99% used [0x00000000f1400000,0x00000000f5bd8000,0x00000000f5c00000)
  to   space 122368K, 0% used [0x00000000f8880000,0x00000000f8880000,0x0000000100000000)
 ParOldGen       total 303104K, used 299562K [0x0000000085000000, 0x0000000097800000, 0x00000000d7000000)
  object space 303104K, 98% used [0x0000000085000000,0x000000009748ab70,0x0000000097800000)
 Metaspace       used 10187K, capacity 10883K, committed 11136K, reserved 1058816K
  class space    used 2050K, capacity 2096K, committed 2176K, reserved 1048576K
}
Event: 8.148 GC heap before
{Heap before GC invocations=30 (full 3):
 PSYoungGen      total 503808K, used 73568K [0x00000000d7000000, 0x0000000100000000, 0x0000000100000000)
  eden space 430080K, 0% used [0x00000000d7000000,0x00000000d7000000,0x00000000f1400000)
  from space 73728K, 99% used [0x00000000f1400000,0x00000000f5bd8000,0x00000000f5c00000)
  to   space 122368K, 0% used [0x00000000f8880000,0x00000000f8880000,0x0000000100000000)
 ParOldGen       total 303104K, used 299562K [0x0000000085000000, 0x0000000097800000, 0x00000000d7000000)
  object space 303104K, 98% used [0x0000000085000000,0x000000009748ab70,0x0000000097800000)
 Metaspace       used 10187K, capacity 10883K, committed 11136K, reserved 1058816K
  class space    used 2050K, capacity 2096K, committed 2176K, reserved 1048576K

